#
# A fatal error has been detected by the Java Runtime Environment:
#
#  EXCEPTION_ACCESS_VIOLATION (0xc0000005) at pc=0x00007ffe9e611a75, pid=57400, tid=54236
#
# JRE version: Java(TM) SE Runtime Environment (24.0+36) (build 24+36-3646)
# Java VM: Java HotSpot(TM) 64-Bit Server VM (24+36-3646, mixed mode, emulated-client, sharing, tiered, compressed oops, compressed class ptrs, g1 gc, windows-amd64)
# Problematic frame:
# C  [libasyncProfiler.dll+0xa1a75]
#
# No core dump will be written. Minidumps are not enabled by default on client versions of Windows
#
# JFR recording file will be written. Location: C:\myStore\hs_err_pid57400.jfr
#
# If you would like to submit a bug report, please visit:
#   https://bugreport.java.com/bugreport/crash.jsp
# The crash happened outside the Java Virtual Machine in native code.
# See problematic frame for where to report the bug.
#

---------------  S U M M A R Y ------------

Command Line: --enable-native-access=ALL-UNNAMED -XX:TieredStopAtLevel=1 -Dspring.output.ansi.enabled=always -Dcom.sun.management.jmxremote -Dspring.jmx.enabled=true -Dspring.liveBeansView.mbeanDomain -Dspring.application.admin.enabled=true -Dmanagement.endpoints.jmx.exposure.include=* -javaagent:C:\Program Files\JetBrains\IntelliJ IDEA 2023.2.5\lib\idea_rt.jar=60358:C:\Program Files\JetBrains\IntelliJ IDEA 2023.2.5\bin -agentpath:C:\Users\97252\AppData\Local\Temp\libasyncProfiler.dll=start,jfr,event=wall,interval=10ms,jfrsync=profile,cstack=no,file=C:\Users\97252\IdeaSnapshots\MyStoreApplication_2025_04_07_184346.jfr,log=C:\Users\97252\AppData\Local\Temp\MyStoreApplication_2025_04_07_184346.jfr.log.txt,logLevel=DEBUG -Dfile.encoding=UTF-8 -Dsun.stdout.encoding=UTF-8 -Dsun.stderr.encoding=UTF-8 com.example.mystore.MyStoreApplication

Host: 11th Gen Intel(R) Core(TM) i5-1135G7 @ 2.40GHz, 8 cores, 15G,  Windows 11 , 64 bit Build 22621 (10.0.22621.4391)
Time: Mon Apr  7 18:43:46 2025  Windows 11 , 64 bit Build 22621 (10.0.22621.4391) elapsed time: 0.594839 seconds (0d 0h 0m 0s)

---------------  T H R E A D  ---------------

Current thread (0x000001ef40235150):  JavaThread "main"             [_thread_in_native, id=54236, stack(0x0000001d62000000,0x0000001d62100000) (1024K)]

Stack: [0x0000001d62000000,0x0000001d62100000],  sp=0x0000001d620fe790,  free space=1017k
Native frames: (J=compiled Java code, j=interpreted, Vv=VM code, C=native code)
C  [libasyncProfiler.dll+0xa1a75]  (no source info available)
C  [libasyncProfiler.dll+0xa1e1b]  (no source info available)
C  [libasyncProfiler.dll+0xa0c64]  (no source info available)
C  [libasyncProfiler.dll+0xa1547]  (no source info available)
C  [libasyncProfiler.dll+0x9bd8b]  (no source info available)
C  [libasyncProfiler.dll+0x8e524]  (no source info available)
C  [libasyncProfiler.dll+0x8cf80]  (no source info available)
C  [libasyncProfiler.dll+0x8ce54]  (no source info available)
C  [libasyncProfiler.dll+0x9336d]  (no source info available)
V  [jvm.dll+0x5e3a5e]  (no source info available)
V  [jvm.dll+0x8861e6]  (no source info available)
V  [jvm.dll+0x49604e]  (no source info available)
V  [jvm.dll+0x497e21]  (no source info available)
C  [jli.dll+0x52a1]  (no source info available)
C  [ucrtbase.dll+0x29333]  (no source info available)
C  [KERNEL32.DLL+0x1259d]  (no source info available)
C  [ntdll.dll+0x5af38]  (no source info available)


siginfo: EXCEPTION_ACCESS_VIOLATION (0xc0000005), reading address 0xffffffffffffffff


Registers:
RAX=0x007ffe6e0e2ff010, RBX=0x0000000000000000, RCX=0x0000000000000010, RDX=0x000001ef40235150
RSP=0x0000001d620fe790, RBP=0x000001ef9a1dc930, RSI=0x0000001d620fe8c8, RDI=0x000001ef9a1dc930
R8 =0x0000000000000042, R9 =0x0000000713601ee8, R10=0x00007ffe6e359fc0, R11=0x0000000000000002
R12=0x0000001d620fe8c8, R13=0x000001ef406dd370, R14=0x000001ef40235518, R15=0x0000000000000019
RIP=0x00007ffe9e611a75, EFLAGS=0x0000000000010206

XMM[0]=0x0000000000000000 0x0000000000000000
XMM[1]=0x0000000000000000 0x0000000000000000
XMM[2]=0x0000000000000000 0x0000000000000000
XMM[3]=0x0000000000000000 0x0000000000000000
XMM[4]=0x0000000000000000 0x0000000000000000
XMM[5]=0x0000000000000000 0x0000000000000000
XMM[6]=0x00007ffe9e734300 0x00007ffe9e663e00
XMM[7]=0x000000000000000f 0x0000000000000000
XMM[8]=0x0000000000000000 0x0000000000000000
XMM[9]=0x0000000000000000 0x0000000000000000
XMM[10]=0x0000000000000000 0x0000000000000000
XMM[11]=0x0000000000000000 0x0000000000000000
XMM[12]=0x0000000000000000 0x0000000000000000
XMM[13]=0x0000000000000000 0x0000000000000000
XMM[14]=0x0000000000000000 0x0000000000000000
XMM[15]=0x0000000000000000 0x0000000000000000
  MXCSR=0x00001fa0


Register to memory mapping:

RAX=0x007ffe6e0e2ff010 is an unknown value
RBX=0x0 is null
RCX=0x0000000000000010 is an unknown value
RDX=0x000001ef40235150 is a thread
RSP=0x0000001d620fe790 is pointing into the stack for thread: 0x000001ef40235150
RBP=0x000001ef9a1dc930 points into unknown readable memory: 0x0000000713601ee8 | e8 1e 60 13 07 00 00 00
RSI=0x0000001d620fe8c8 is pointing into the stack for thread: 0x000001ef40235150
RDI=0x000001ef9a1dc930 points into unknown readable memory: 0x0000000713601ee8 | e8 1e 60 13 07 00 00 00
R8 =0x0000000000000042 is an unknown value
R9 =0x0000000713601ee8 is an oop: java.lang.Thread 
{0x0000000713601ee8} - klass: 'java/lang/Thread' - flags: 

 - ---- fields (total size 14 words):
 - 'threadLocalRandomProbe' 'I' @12  0 (0x00000000)
 - private volatile 'eetop' 'J' @16  2127084867920 (0x000001ef40235150)
 - private final 'tid' 'J' @24  3 (0x0000000000000003)
 - 'threadLocalRandomSeed' 'J' @32  0 (0x0000000000000000)
 - injected 'jvmti_thread_state' 'J' @40  2127425796400 (0x000001ef54757930)
 - 'threadLocalRandomSecondarySeed' 'I' @48  0 (0x00000000)
 - injected 'jvmti_VTMS_transition_disable_count' 'I' @52  0 (0x00000000)
 - injected 'jfr_epoch' 'S' @56  0 (0x0000)
 - volatile 'interrupted' 'Z' @58  false (0x00)
 - injected 'jvmti_is_in_VTMS_transition' 'Z' @59  false (0x00)
 - private volatile 'name' 'Ljava/lang/String;' @60  "main"{0x0000000713601f58} (0xe26c03eb)
 - private volatile 'contextClassLoader' 'Ljava/lang/ClassLoader;' @64  a 'jdk/internal/loader/ClassLoaders$AppClassLoader'{0x0000000713636ed0} (0xe26c6dda)
 - private final 'holder' 'Ljava/lang/Thread$FieldHolder;' @68  a 'java/lang/Thread$FieldHolder'{0x0000000713601f98} (0xe26c03f3)
 - 'threadLocals' 'Ljava/lang/ThreadLocal$ThreadLocalMap;' @72  a 'java/lang/ThreadLocal$ThreadLocalMap'{0x0000000713554588} (0xe26aa8b1)
 - 'inheritableThreadLocals' 'Ljava/lang/ThreadLocal$ThreadLocalMap;' @76  null (0x00000000)
 - private 'scopedValueBindings' 'Ljava/lang/Object;' @80  a 'java/lang/Class'{0x00000007ffe7c880} = 'java/lang/Thread' (0xfffcf910)
 - final 'interruptLock' 'Ljava/lang/Object;' @84  a 'java/lang/Object'{0x0000000713601f88} (0xe26c03f1)
 - private volatile 'parkBlocker' 'Ljava/lang/Object;' @88  null (0x00000000)
 - private 'nioBlocker' 'Lsun/nio/ch/Interruptible;' @92  null (0x00000000)
 - private 'cont' 'Ljdk/internal/vm/Continuation;' @96  null (0x00000000)
 - private volatile 'uncaughtExceptionHandler' 'Ljava/lang/Thread$UncaughtExceptionHandler;' @100  null (0x00000000)
 - private 'container' 'Ljdk/internal/vm/ThreadContainer;' @104  null (0x00000000)
 - private volatile 'headStackableScopes' 'Ljdk/internal/vm/StackableScope;' @108  null (0x00000000)
R10=0x00007ffe6e359fc0 jvm.dll
R11=0x0000000000000002 is an unknown value
R12=0x0000001d620fe8c8 is pointing into the stack for thread: 0x000001ef40235150
R13=0x000001ef406dd370 points into unknown readable memory: 0x00007ffe6e2ca510 | 10 a5 2c 6e fe 7f 00 00
R14=0x000001ef40235518 points into unknown readable memory: 0x00007ffe6e2c17b0 | b0 17 2c 6e fe 7f 00 00
R15=0x0000000000000019 is an unknown value

Top of Stack: (sp=0x0000001d620fe790)
0x0000001d620fe790:   0000001d620fe8c8 000001ef9a1dc930   ...b....0.......
0x0000001d620fe7a0:   0000000000000000 000000000000069c   ................
0x0000001d620fe7b0:   000001ef9b7de9b0 00007ffe9e611e1b   ..}.......a.....
0x0000001d620fe7c0:   fffffffffffffffe 000001ef40235518   .........U#@....
0x0000001d620fe7d0:   0000000000000000 000001ef9b7de9b0   ..........}.....
0x0000001d620fe7e0:   000001ef40235518 00007ffe9e610c64   .U#@....d.a.....
0x0000001d620fe7f0:   0000000000000000 0000000000000019   ................
0x0000001d620fe800:   0000000000000000 000001ef9b7de9b0   ..........}.....
0x0000001d620fe810:   000001ef00000009 000001ef9b7f4730   ........0G......
0x0000001d620fe820:   fffffffffffffffe 000001ef9b7de9b0   ..........}.....
0x0000001d620fe830:   000001ef9b7dea14 000001ef9b7dea20   ..}..... .}.....
0x0000001d620fe840:   000001ef00008c94 0000000000000000   ................
0x0000001d620fe850:   0000000000000000 0000000000000000   ................
0x0000001d620fe860:   00007ffe9e7aebb0 0000000000000001   ..z.............
0x0000001d620fe870:   0000000000000000 0000000000000000   ................
0x0000001d620fe880:   00007ffe9e7b4ac0 00007ffe9e611547   .J{.....G.a.....
0x0000001d620fe890:   000001ef40235518 000000000000e038   .U#@....8.......
0x0000001d620fe8a0:   0000001d620fe910 00000000ffffffff   ...b............
0x0000001d620fe8b0:   000001ef406d2728 0000000000000000   ('m@............
0x0000001d620fe8c0:   000001ef9b7e37b0 000001ef54812f70   .7~.....p/.T....
0x0000001d620fe8d0:   000001ef54813290 000001ef54813290   .2.T.....2.T....
0x0000001d620fe8e0:   000001ef40235518 000001ef40235518   .U#@.....U#@....
0x0000001d620fe8f0:   fffffffffffffffe 00007ffe9e7b4ac0   .........J{.....
0x0000001d620fe900:   0000000000000180 00007ffefc63d3dc   ..........c.....
0x0000001d620fe910:   00007ffe9e7aebb0 00007ffe9e7aebb0   ..z.......z.....
0x0000001d620fe920:   0000000000000000 00007ffe9e7b4b10   .........K{.....
0x0000001d620fe930:   0000000000989680 0000001d620fec28   ........(..b....
0x0000001d620fe940:   0000001d620fea50 00007ffe9e60bd8b   P..b......`.....
0x0000001d620fe950:   00007ffe9e7b4b18 0000000000010000   .K{.............
0x0000001d620fe960:   00007ffe9e7b4b18 00007ffffffeffff   .K{.............
0x0000001d620fe970:   0000000000000000 00007ffefecf33b2   .........3......
0x0000001d620fe980:   000054441fa87a5c 00007ffffffeffff   \z..DT..........

Instructions: (pc=0x00007ffe9e611a75)
  0x00007ffe9e611975:   cc cc cc cc cc cc cc cc cc cc cc cc cc cc cc cc
  0x00007ffe9e611985:   cc cc cc cc cc cc cc cc cc cc cc cc cc cc cc cc
  0x00007ffe9e611995:   cc cc cc cc cc cc cc cc cc cc cc cc cc cc cc cc
  0x00007ffe9e6119a5:   cc cc cc cc cc cc cc cc cc cc cc cc cc cc cc cc
  0x00007ffe9e6119b5:   cc cc cc cc cc cc cc cc cc cc cc cc cc cc cc cc
  0x00007ffe9e6119c5:   cc cc cc cc cc cc cc cc cc cc cc cc cc cc cc cc
  0x00007ffe9e6119d5:   cc cc cc cc cc cc cc cc cc cc cc cc cc cc cc cc
  0x00007ffe9e6119e5:   cc cc cc cc cc cc cc cc cc cc cc cc cc cc cc cc
  0x00007ffe9e6119f5:   cc cc cc cc cc cc cc cc cc cc cc cc cc cc cc cc
  0x00007ffe9e611a05:   cc cc cc cc cc cc cc cc cc cc cc 40 57 48 83 ec
  0x00007ffe9e611a15:   20 48 8b f9 48 8d 54 24 38 48 8b 0d 5b 32 1a 00
  0x00007ffe9e611a25:   41 b8 06 00 01 00 48 8b 01 4c 8b 48 30 41 ff d1
  0x00007ffe9e611a35:   4c 8b 05 3c 33 1a 00 33 c9 85 c0 48 0f 44 4c 24
  0x00007ffe9e611a45:   38 4d 85 c0 74 33 48 8b 01 48 8b d7 4c 8b 88 28
  0x00007ffe9e611a55:   03 00 00 41 ff d1 48 8b d0 48 85 c0 74 1b 48 63
  0x00007ffe9e611a65:   05 8a d2 19 00 48 63 0d 8f d2 19 00 48 8b 04 10
=>0x00007ffe9e611a75:   8b 04 01 48 83 c4 20 5f c3 80 3d 0f 32 1a 00 00
  0x00007ffe9e611a85:   48 89 5c 24 30 bb ff ff ff ff 74 20 4c 8b 0d c0
  0x00007ffe9e611a95:   2e 1a 00 4c 8d 44 24 38 48 8b 0d a4 2e 1a 00 48
  0x00007ffe9e611aa5:   8b d7 41 ff d1 85 c0 0f 44 5c 24 38 8b c3 48 8b
  0x00007ffe9e611ab5:   5c 24 30 48 83 c4 20 5f c3 cc cc cc cc cc cc cc
  0x00007ffe9e611ac5:   cc cc cc cc cc cc cc cc cc cc cc cc cc cc cc cc
  0x00007ffe9e611ad5:   cc cc cc cc cc cc cc cc cc cc cc cc cc cc cc cc
  0x00007ffe9e611ae5:   cc cc cc cc cc cc cc cc cc cc cc 40 57 48 83 ec
  0x00007ffe9e611af5:   30 48 c7 44 24 20 fe ff ff ff 48 89 5c 24 50 48
  0x00007ffe9e611b05:   8b fa 48 8b d9 48 89 4c 24 40 b9 01 00 00 00 33
  0x00007ffe9e611b15:   c0 f0 0f b1 0b 74 04 f3 90 eb f4 48 8d 53 08 48
  0x00007ffe9e611b25:   8b cf e8 a8 39 f6 ff 90 b8 ff ff ff ff f0 0f c1
  0x00007ffe9e611b35:   03 48 8b c7 48 8b 5c 24 50 48 83 c4 30 5f c3 cc
  0x00007ffe9e611b45:   cc cc cc cc cc cc cc cc cc cc cc cc cc cc cc cc
  0x00007ffe9e611b55:   cc cc cc cc cc cc cc cc cc cc cc 4c 8b c2 48 8b
  0x00007ffe9e611b65:   51 08 48 39 51 10 74 3a 41 8b 00 89 02 33 c0 48


Stack slot to memory mapping:

stack at sp + 0 slots: 0x0000001d620fe8c8 is pointing into the stack for thread: 0x000001ef40235150
stack at sp + 1 slots: 0x000001ef9a1dc930 points into unknown readable memory: 0x0000000713601ee8 | e8 1e 60 13 07 00 00 00
stack at sp + 2 slots: 0x0 is null
stack at sp + 3 slots: 0x000000000000069c is an unknown value
stack at sp + 4 slots: 0x000001ef9b7de9b0 points into unknown readable memory: 0x0000e7dc0000c3e8 | e8 c3 00 00 dc e7 00 00
stack at sp + 5 slots: 0x00007ffe9e611e1b libasyncProfiler.dll
stack at sp + 6 slots: 0xfffffffffffffffe is an unknown value
stack at sp + 7 slots: 0x000001ef40235518 points into unknown readable memory: 0x00007ffe6e2c17b0 | b0 17 2c 6e fe 7f 00 00

Lock stack of current Java thread (top to bottom):


---------------  P R O C E S S  ---------------

Threads class SMR info:
_java_thread_list=0x000001ef9b825630, length=14, elements={
0x000001ef40235150, 0x000001ef403bf8c0, 0x000001ef403c04c0, 0x000001ef403c27b0,
0x000001ef403c5790, 0x000001ef403c63b0, 0x000001ef546e1f60, 0x000001ef403c8fe0,
0x000001ef547c8db0, 0x000001ef547d1070, 0x000001ef5496a620, 0x000001ef9a1cc5b0,
0x000001ef9a2ecbf0, 0x000001ef9b86e890
}

Java Threads: ( => current thread )
=>0x000001ef40235150 JavaThread "main"                              [_thread_in_native, id=54236, stack(0x0000001d62000000,0x0000001d62100000) (1024K)]
  0x000001ef403bf8c0 JavaThread "Reference Handler"          daemon [_thread_blocked, id=63244, stack(0x0000001d62800000,0x0000001d62900000) (1024K)]
  0x000001ef403c04c0 JavaThread "Finalizer"                  daemon [_thread_blocked, id=29280, stack(0x0000001d62900000,0x0000001d62a00000) (1024K)]
  0x000001ef403c27b0 JavaThread "Signal Dispatcher"          daemon [_thread_blocked, id=36516, stack(0x0000001d62a00000,0x0000001d62b00000) (1024K)]
  0x000001ef403c5790 JavaThread "Attach Listener"            daemon [_thread_blocked, id=67028, stack(0x0000001d62b00000,0x0000001d62c00000) (1024K)]
  0x000001ef403c63b0 JavaThread "Service Thread"             daemon [_thread_blocked, id=1556, stack(0x0000001d62c00000,0x0000001d62d00000) (1024K)]
  0x000001ef546e1f60 JavaThread "Monitor Deflation Thread"   daemon [_thread_blocked, id=57644, stack(0x0000001d62d00000,0x0000001d62e00000) (1024K)]
  0x000001ef403c8fe0 JavaThread "C1 CompilerThread0"         daemon [_thread_blocked, id=11104, stack(0x0000001d62e00000,0x0000001d62f00000) (1024K)]
  0x000001ef547c8db0 JavaThread "Common-Cleaner"             daemon [_thread_blocked, id=53000, stack(0x0000001d62f00000,0x0000001d63000000) (1024K)]
  0x000001ef547d1070 JavaThread "C1 CompilerThread1"         daemon [_thread_blocked, id=12232, stack(0x0000001d63000000,0x0000001d63100000) (1024K)]
  0x000001ef5496a620 JavaThread "C1 CompilerThread2"         daemon [_thread_blocked, id=10384, stack(0x0000001d63100000,0x0000001d63200000) (1024K)]
  0x000001ef9a1cc5b0 JavaThread "Monitor Ctrl-Break"         daemon [_thread_in_native, id=22740, stack(0x0000001d63200000,0x0000001d63300000) (1024K)]
  0x000001ef9a2ecbf0 JavaThread "JFR Recorder Thread"        daemon [_thread_in_native, id=32304, stack(0x0000001d63300000,0x0000001d63400000) (1024K)]
  0x000001ef9b86e890 JavaThread "JFR Periodic Tasks"         daemon [_thread_blocked, id=35988, stack(0x0000001d63400000,0x0000001d63500000) (1024K)]
Total: 14

Other Threads:
  0x000001ef403abfa0 VMThread "VM Thread"                           [id=18776, stack(0x0000001d62700000,0x0000001d62800000) (1024K)]
  0x000001ef546db0c0 WatcherThread "VM Periodic Task Thread"        [id=19416, stack(0x0000001d62600000,0x0000001d62700000) (1024K)]
  0x000001ef4029c3a0 WorkerThread "GC Thread#0"                     [id=66568, stack(0x0000001d62100000,0x0000001d62200000) (1024K)]
  0x000001ef402b23a0 ConcurrentGCThread "G1 Main Marker"            [id=66872, stack(0x0000001d62200000,0x0000001d62300000) (1024K)]
  0x000001ef402b5660 WorkerThread "G1 Conc#0"                       [id=69248, stack(0x0000001d62300000,0x0000001d62400000) (1024K)]
  0x000001ef40374fd0 ConcurrentGCThread "G1 Refine#0"               [id=25696, stack(0x0000001d62400000,0x0000001d62500000) (1024K)]
  0x000001ef40375b50 ConcurrentGCThread "G1 Service"                [id=56720, stack(0x0000001d62500000,0x0000001d62600000) (1024K)]
Total: 7

Threads with active compile tasks:
Total: 0

VM state: not at safepoint (normal execution)

VM Mutex/Monitor currently owned by a thread: None

Heap address: 0x0000000703a00000, size: 4038 MB, Compressed Oops mode: Zero based, Oop shift amount: 3

CDS archive(s) mapped at: [0x000001ef55000000-0x000001ef55d40000-0x000001ef55d40000), size 13893632, SharedBaseAddress: 0x000001ef55000000, ArchiveRelocationMode: 1.
Compressed class space mapped at: 0x000001ef56000000-0x000001ef96000000, reserved size: 1073741824
UseCompressedClassPointers 1, UseCompactObjectHeaders 0
Narrow klass pointer bits 32, Max shift 3
Narrow klass base: 0x000001ef55000000, Narrow klass shift: 0
Encoding Range: [0x000001ef55000000 - 0x000001f055000000), (4294967296 bytes)
Klass Range:    [0x000001ef55000000 - 0x000001ef96000000), (1090519040 bytes)
Klass ID Range:  [8 - 1090519033) (1090519025)

GC Precious Log:
 CardTable entry size: 512
 Card Set container configuration: InlinePtr #cards 4 size 8 Array Of Cards #cards 16 size 48 Howl #buckets 8 coarsen threshold 3686 Howl Bitmap #cards 512 size 80 coarsen threshold 460 Card regions per heap region 1 cards per card region 4096
 CPUs: 8 total, 8 available
 Memory: 16149M
 Large Page Support: Disabled
 NUMA Support: Disabled
 Compressed Oops: Enabled (Zero based)
 Heap Region Size: 2M
 Heap Min Capacity: 8M
 Heap Initial Capacity: 254M
 Heap Max Capacity: 4038M
 Pre-touch: Disabled
 Parallel Workers: 8
 Concurrent Workers: 2
 Concurrent Refinement Workers: 8
 Periodic GC: Disabled

Heap:
 garbage-first heap   total reserved 4134912K, committed 262144K, used 25716K [0x0000000703a00000, 0x0000000800000000)
  region size 2048K, 13 young (26624K), 0 survivors (0K)
 Metaspace       used 2748K, committed 2944K, reserved 1114112K
  class space    used 309K, committed 384K, reserved 1048576K

Heap Regions: E=young(eden), S=young(survivor), O=old, HS=humongous(starts), HC=humongous(continues), CS=collection set, F=free, TAMS=top-at-mark-start, PB=parsable bottom
|   0|0x0000000703a00000, 0x0000000703a00000, 0x0000000703c00000|  0%| F|  |TAMS 0x0000000703a00000| PB 0x0000000703a00000| Untracked |  0
|   1|0x0000000703c00000, 0x0000000703c00000, 0x0000000703e00000|  0%| F|  |TAMS 0x0000000703c00000| PB 0x0000000703c00000| Untracked |  0
|   2|0x0000000703e00000, 0x0000000703e00000, 0x0000000704000000|  0%| F|  |TAMS 0x0000000703e00000| PB 0x0000000703e00000| Untracked |  0
|   3|0x0000000704000000, 0x0000000704000000, 0x0000000704200000|  0%| F|  |TAMS 0x0000000704000000| PB 0x0000000704000000| Untracked |  0
|   4|0x0000000704200000, 0x0000000704200000, 0x0000000704400000|  0%| F|  |TAMS 0x0000000704200000| PB 0x0000000704200000| Untracked |  0
|   5|0x0000000704400000, 0x0000000704400000, 0x0000000704600000|  0%| F|  |TAMS 0x0000000704400000| PB 0x0000000704400000| Untracked |  0
|   6|0x0000000704600000, 0x0000000704600000, 0x0000000704800000|  0%| F|  |TAMS 0x0000000704600000| PB 0x0000000704600000| Untracked |  0
|   7|0x0000000704800000, 0x0000000704800000, 0x0000000704a00000|  0%| F|  |TAMS 0x0000000704800000| PB 0x0000000704800000| Untracked |  0
|   8|0x0000000704a00000, 0x0000000704a00000, 0x0000000704c00000|  0%| F|  |TAMS 0x0000000704a00000| PB 0x0000000704a00000| Untracked |  0
|   9|0x0000000704c00000, 0x0000000704c00000, 0x0000000704e00000|  0%| F|  |TAMS 0x0000000704c00000| PB 0x0000000704c00000| Untracked |  0
|  10|0x0000000704e00000, 0x0000000704e00000, 0x0000000705000000|  0%| F|  |TAMS 0x0000000704e00000| PB 0x0000000704e00000| Untracked |  0
|  11|0x0000000705000000, 0x0000000705000000, 0x0000000705200000|  0%| F|  |TAMS 0x0000000705000000| PB 0x0000000705000000| Untracked |  0
|  12|0x0000000705200000, 0x0000000705200000, 0x0000000705400000|  0%| F|  |TAMS 0x0000000705200000| PB 0x0000000705200000| Untracked |  0
|  13|0x0000000705400000, 0x0000000705400000, 0x0000000705600000|  0%| F|  |TAMS 0x0000000705400000| PB 0x0000000705400000| Untracked |  0
|  14|0x0000000705600000, 0x0000000705600000, 0x0000000705800000|  0%| F|  |TAMS 0x0000000705600000| PB 0x0000000705600000| Untracked |  0
|  15|0x0000000705800000, 0x0000000705800000, 0x0000000705a00000|  0%| F|  |TAMS 0x0000000705800000| PB 0x0000000705800000| Untracked |  0
|  16|0x0000000705a00000, 0x0000000705a00000, 0x0000000705c00000|  0%| F|  |TAMS 0x0000000705a00000| PB 0x0000000705a00000| Untracked |  0
|  17|0x0000000705c00000, 0x0000000705c00000, 0x0000000705e00000|  0%| F|  |TAMS 0x0000000705c00000| PB 0x0000000705c00000| Untracked |  0
|  18|0x0000000705e00000, 0x0000000705e00000, 0x0000000706000000|  0%| F|  |TAMS 0x0000000705e00000| PB 0x0000000705e00000| Untracked |  0
|  19|0x0000000706000000, 0x0000000706000000, 0x0000000706200000|  0%| F|  |TAMS 0x0000000706000000| PB 0x0000000706000000| Untracked |  0
|  20|0x0000000706200000, 0x0000000706200000, 0x0000000706400000|  0%| F|  |TAMS 0x0000000706200000| PB 0x0000000706200000| Untracked |  0
|  21|0x0000000706400000, 0x0000000706400000, 0x0000000706600000|  0%| F|  |TAMS 0x0000000706400000| PB 0x0000000706400000| Untracked |  0
|  22|0x0000000706600000, 0x0000000706600000, 0x0000000706800000|  0%| F|  |TAMS 0x0000000706600000| PB 0x0000000706600000| Untracked |  0
|  23|0x0000000706800000, 0x0000000706800000, 0x0000000706a00000|  0%| F|  |TAMS 0x0000000706800000| PB 0x0000000706800000| Untracked |  0
|  24|0x0000000706a00000, 0x0000000706a00000, 0x0000000706c00000|  0%| F|  |TAMS 0x0000000706a00000| PB 0x0000000706a00000| Untracked |  0
|  25|0x0000000706c00000, 0x0000000706c00000, 0x0000000706e00000|  0%| F|  |TAMS 0x0000000706c00000| PB 0x0000000706c00000| Untracked |  0
|  26|0x0000000706e00000, 0x0000000706e00000, 0x0000000707000000|  0%| F|  |TAMS 0x0000000706e00000| PB 0x0000000706e00000| Untracked |  0
|  27|0x0000000707000000, 0x0000000707000000, 0x0000000707200000|  0%| F|  |TAMS 0x0000000707000000| PB 0x0000000707000000| Untracked |  0
|  28|0x0000000707200000, 0x0000000707200000, 0x0000000707400000|  0%| F|  |TAMS 0x0000000707200000| PB 0x0000000707200000| Untracked |  0
|  29|0x0000000707400000, 0x0000000707400000, 0x0000000707600000|  0%| F|  |TAMS 0x0000000707400000| PB 0x0000000707400000| Untracked |  0
|  30|0x0000000707600000, 0x0000000707600000, 0x0000000707800000|  0%| F|  |TAMS 0x0000000707600000| PB 0x0000000707600000| Untracked |  0
|  31|0x0000000707800000, 0x0000000707800000, 0x0000000707a00000|  0%| F|  |TAMS 0x0000000707800000| PB 0x0000000707800000| Untracked |  0
|  32|0x0000000707a00000, 0x0000000707a00000, 0x0000000707c00000|  0%| F|  |TAMS 0x0000000707a00000| PB 0x0000000707a00000| Untracked |  0
|  33|0x0000000707c00000, 0x0000000707c00000, 0x0000000707e00000|  0%| F|  |TAMS 0x0000000707c00000| PB 0x0000000707c00000| Untracked |  0
|  34|0x0000000707e00000, 0x0000000707e00000, 0x0000000708000000|  0%| F|  |TAMS 0x0000000707e00000| PB 0x0000000707e00000| Untracked |  0
|  35|0x0000000708000000, 0x0000000708000000, 0x0000000708200000|  0%| F|  |TAMS 0x0000000708000000| PB 0x0000000708000000| Untracked |  0
|  36|0x0000000708200000, 0x0000000708200000, 0x0000000708400000|  0%| F|  |TAMS 0x0000000708200000| PB 0x0000000708200000| Untracked |  0
|  37|0x0000000708400000, 0x0000000708400000, 0x0000000708600000|  0%| F|  |TAMS 0x0000000708400000| PB 0x0000000708400000| Untracked |  0
|  38|0x0000000708600000, 0x0000000708600000, 0x0000000708800000|  0%| F|  |TAMS 0x0000000708600000| PB 0x0000000708600000| Untracked |  0
|  39|0x0000000708800000, 0x0000000708800000, 0x0000000708a00000|  0%| F|  |TAMS 0x0000000708800000| PB 0x0000000708800000| Untracked |  0
|  40|0x0000000708a00000, 0x0000000708a00000, 0x0000000708c00000|  0%| F|  |TAMS 0x0000000708a00000| PB 0x0000000708a00000| Untracked |  0
|  41|0x0000000708c00000, 0x0000000708c00000, 0x0000000708e00000|  0%| F|  |TAMS 0x0000000708c00000| PB 0x0000000708c00000| Untracked |  0
|  42|0x0000000708e00000, 0x0000000708e00000, 0x0000000709000000|  0%| F|  |TAMS 0x0000000708e00000| PB 0x0000000708e00000| Untracked |  0
|  43|0x0000000709000000, 0x0000000709000000, 0x0000000709200000|  0%| F|  |TAMS 0x0000000709000000| PB 0x0000000709000000| Untracked |  0
|  44|0x0000000709200000, 0x0000000709200000, 0x0000000709400000|  0%| F|  |TAMS 0x0000000709200000| PB 0x0000000709200000| Untracked |  0
|  45|0x0000000709400000, 0x0000000709400000, 0x0000000709600000|  0%| F|  |TAMS 0x0000000709400000| PB 0x0000000709400000| Untracked |  0
|  46|0x0000000709600000, 0x0000000709600000, 0x0000000709800000|  0%| F|  |TAMS 0x0000000709600000| PB 0x0000000709600000| Untracked |  0
|  47|0x0000000709800000, 0x0000000709800000, 0x0000000709a00000|  0%| F|  |TAMS 0x0000000709800000| PB 0x0000000709800000| Untracked |  0
|  48|0x0000000709a00000, 0x0000000709a00000, 0x0000000709c00000|  0%| F|  |TAMS 0x0000000709a00000| PB 0x0000000709a00000| Untracked |  0
|  49|0x0000000709c00000, 0x0000000709c00000, 0x0000000709e00000|  0%| F|  |TAMS 0x0000000709c00000| PB 0x0000000709c00000| Untracked |  0
|  50|0x0000000709e00000, 0x0000000709e00000, 0x000000070a000000|  0%| F|  |TAMS 0x0000000709e00000| PB 0x0000000709e00000| Untracked |  0
|  51|0x000000070a000000, 0x000000070a000000, 0x000000070a200000|  0%| F|  |TAMS 0x000000070a000000| PB 0x000000070a000000| Untracked |  0
|  52|0x000000070a200000, 0x000000070a200000, 0x000000070a400000|  0%| F|  |TAMS 0x000000070a200000| PB 0x000000070a200000| Untracked |  0
|  53|0x000000070a400000, 0x000000070a400000, 0x000000070a600000|  0%| F|  |TAMS 0x000000070a400000| PB 0x000000070a400000| Untracked |  0
|  54|0x000000070a600000, 0x000000070a600000, 0x000000070a800000|  0%| F|  |TAMS 0x000000070a600000| PB 0x000000070a600000| Untracked |  0
|  55|0x000000070a800000, 0x000000070a800000, 0x000000070aa00000|  0%| F|  |TAMS 0x000000070a800000| PB 0x000000070a800000| Untracked |  0
|  56|0x000000070aa00000, 0x000000070aa00000, 0x000000070ac00000|  0%| F|  |TAMS 0x000000070aa00000| PB 0x000000070aa00000| Untracked |  0
|  57|0x000000070ac00000, 0x000000070ac00000, 0x000000070ae00000|  0%| F|  |TAMS 0x000000070ac00000| PB 0x000000070ac00000| Untracked |  0
|  58|0x000000070ae00000, 0x000000070ae00000, 0x000000070b000000|  0%| F|  |TAMS 0x000000070ae00000| PB 0x000000070ae00000| Untracked |  0
|  59|0x000000070b000000, 0x000000070b000000, 0x000000070b200000|  0%| F|  |TAMS 0x000000070b000000| PB 0x000000070b000000| Untracked |  0
|  60|0x000000070b200000, 0x000000070b200000, 0x000000070b400000|  0%| F|  |TAMS 0x000000070b200000| PB 0x000000070b200000| Untracked |  0
|  61|0x000000070b400000, 0x000000070b400000, 0x000000070b600000|  0%| F|  |TAMS 0x000000070b400000| PB 0x000000070b400000| Untracked |  0
|  62|0x000000070b600000, 0x000000070b600000, 0x000000070b800000|  0%| F|  |TAMS 0x000000070b600000| PB 0x000000070b600000| Untracked |  0
|  63|0x000000070b800000, 0x000000070b800000, 0x000000070ba00000|  0%| F|  |TAMS 0x000000070b800000| PB 0x000000070b800000| Untracked |  0
|  64|0x000000070ba00000, 0x000000070ba00000, 0x000000070bc00000|  0%| F|  |TAMS 0x000000070ba00000| PB 0x000000070ba00000| Untracked |  0
|  65|0x000000070bc00000, 0x000000070bc00000, 0x000000070be00000|  0%| F|  |TAMS 0x000000070bc00000| PB 0x000000070bc00000| Untracked |  0
|  66|0x000000070be00000, 0x000000070be00000, 0x000000070c000000|  0%| F|  |TAMS 0x000000070be00000| PB 0x000000070be00000| Untracked |  0
|  67|0x000000070c000000, 0x000000070c000000, 0x000000070c200000|  0%| F|  |TAMS 0x000000070c000000| PB 0x000000070c000000| Untracked |  0
|  68|0x000000070c200000, 0x000000070c200000, 0x000000070c400000|  0%| F|  |TAMS 0x000000070c200000| PB 0x000000070c200000| Untracked |  0
|  69|0x000000070c400000, 0x000000070c400000, 0x000000070c600000|  0%| F|  |TAMS 0x000000070c400000| PB 0x000000070c400000| Untracked |  0
|  70|0x000000070c600000, 0x000000070c600000, 0x000000070c800000|  0%| F|  |TAMS 0x000000070c600000| PB 0x000000070c600000| Untracked |  0
|  71|0x000000070c800000, 0x000000070c800000, 0x000000070ca00000|  0%| F|  |TAMS 0x000000070c800000| PB 0x000000070c800000| Untracked |  0
|  72|0x000000070ca00000, 0x000000070ca00000, 0x000000070cc00000|  0%| F|  |TAMS 0x000000070ca00000| PB 0x000000070ca00000| Untracked |  0
|  73|0x000000070cc00000, 0x000000070cc00000, 0x000000070ce00000|  0%| F|  |TAMS 0x000000070cc00000| PB 0x000000070cc00000| Untracked |  0
|  74|0x000000070ce00000, 0x000000070ce00000, 0x000000070d000000|  0%| F|  |TAMS 0x000000070ce00000| PB 0x000000070ce00000| Untracked |  0
|  75|0x000000070d000000, 0x000000070d000000, 0x000000070d200000|  0%| F|  |TAMS 0x000000070d000000| PB 0x000000070d000000| Untracked |  0
|  76|0x000000070d200000, 0x000000070d200000, 0x000000070d400000|  0%| F|  |TAMS 0x000000070d200000| PB 0x000000070d200000| Untracked |  0
|  77|0x000000070d400000, 0x000000070d400000, 0x000000070d600000|  0%| F|  |TAMS 0x000000070d400000| PB 0x000000070d400000| Untracked |  0
|  78|0x000000070d600000, 0x000000070d600000, 0x000000070d800000|  0%| F|  |TAMS 0x000000070d600000| PB 0x000000070d600000| Untracked |  0
|  79|0x000000070d800000, 0x000000070d800000, 0x000000070da00000|  0%| F|  |TAMS 0x000000070d800000| PB 0x000000070d800000| Untracked |  0
|  80|0x000000070da00000, 0x000000070da00000, 0x000000070dc00000|  0%| F|  |TAMS 0x000000070da00000| PB 0x000000070da00000| Untracked |  0
|  81|0x000000070dc00000, 0x000000070dc00000, 0x000000070de00000|  0%| F|  |TAMS 0x000000070dc00000| PB 0x000000070dc00000| Untracked |  0
|  82|0x000000070de00000, 0x000000070de00000, 0x000000070e000000|  0%| F|  |TAMS 0x000000070de00000| PB 0x000000070de00000| Untracked |  0
|  83|0x000000070e000000, 0x000000070e000000, 0x000000070e200000|  0%| F|  |TAMS 0x000000070e000000| PB 0x000000070e000000| Untracked |  0
|  84|0x000000070e200000, 0x000000070e200000, 0x000000070e400000|  0%| F|  |TAMS 0x000000070e200000| PB 0x000000070e200000| Untracked |  0
|  85|0x000000070e400000, 0x000000070e400000, 0x000000070e600000|  0%| F|  |TAMS 0x000000070e400000| PB 0x000000070e400000| Untracked |  0
|  86|0x000000070e600000, 0x000000070e600000, 0x000000070e800000|  0%| F|  |TAMS 0x000000070e600000| PB 0x000000070e600000| Untracked |  0
|  87|0x000000070e800000, 0x000000070e800000, 0x000000070ea00000|  0%| F|  |TAMS 0x000000070e800000| PB 0x000000070e800000| Untracked |  0
|  88|0x000000070ea00000, 0x000000070ea00000, 0x000000070ec00000|  0%| F|  |TAMS 0x000000070ea00000| PB 0x000000070ea00000| Untracked |  0
|  89|0x000000070ec00000, 0x000000070ec00000, 0x000000070ee00000|  0%| F|  |TAMS 0x000000070ec00000| PB 0x000000070ec00000| Untracked |  0
|  90|0x000000070ee00000, 0x000000070ee00000, 0x000000070f000000|  0%| F|  |TAMS 0x000000070ee00000| PB 0x000000070ee00000| Untracked |  0
|  91|0x000000070f000000, 0x000000070f000000, 0x000000070f200000|  0%| F|  |TAMS 0x000000070f000000| PB 0x000000070f000000| Untracked |  0
|  92|0x000000070f200000, 0x000000070f200000, 0x000000070f400000|  0%| F|  |TAMS 0x000000070f200000| PB 0x000000070f200000| Untracked |  0
|  93|0x000000070f400000, 0x000000070f400000, 0x000000070f600000|  0%| F|  |TAMS 0x000000070f400000| PB 0x000000070f400000| Untracked |  0
|  94|0x000000070f600000, 0x000000070f600000, 0x000000070f800000|  0%| F|  |TAMS 0x000000070f600000| PB 0x000000070f600000| Untracked |  0
|  95|0x000000070f800000, 0x000000070f800000, 0x000000070fa00000|  0%| F|  |TAMS 0x000000070f800000| PB 0x000000070f800000| Untracked |  0
|  96|0x000000070fa00000, 0x000000070fa00000, 0x000000070fc00000|  0%| F|  |TAMS 0x000000070fa00000| PB 0x000000070fa00000| Untracked |  0
|  97|0x000000070fc00000, 0x000000070fc00000, 0x000000070fe00000|  0%| F|  |TAMS 0x000000070fc00000| PB 0x000000070fc00000| Untracked |  0
|  98|0x000000070fe00000, 0x000000070fe00000, 0x0000000710000000|  0%| F|  |TAMS 0x000000070fe00000| PB 0x000000070fe00000| Untracked |  0
|  99|0x0000000710000000, 0x0000000710000000, 0x0000000710200000|  0%| F|  |TAMS 0x0000000710000000| PB 0x0000000710000000| Untracked |  0
| 100|0x0000000710200000, 0x0000000710200000, 0x0000000710400000|  0%| F|  |TAMS 0x0000000710200000| PB 0x0000000710200000| Untracked |  0
| 101|0x0000000710400000, 0x0000000710400000, 0x0000000710600000|  0%| F|  |TAMS 0x0000000710400000| PB 0x0000000710400000| Untracked |  0
| 102|0x0000000710600000, 0x0000000710600000, 0x0000000710800000|  0%| F|  |TAMS 0x0000000710600000| PB 0x0000000710600000| Untracked |  0
| 103|0x0000000710800000, 0x0000000710800000, 0x0000000710a00000|  0%| F|  |TAMS 0x0000000710800000| PB 0x0000000710800000| Untracked |  0
| 104|0x0000000710a00000, 0x0000000710a00000, 0x0000000710c00000|  0%| F|  |TAMS 0x0000000710a00000| PB 0x0000000710a00000| Untracked |  0
| 105|0x0000000710c00000, 0x0000000710c00000, 0x0000000710e00000|  0%| F|  |TAMS 0x0000000710c00000| PB 0x0000000710c00000| Untracked |  0
| 106|0x0000000710e00000, 0x0000000710e00000, 0x0000000711000000|  0%| F|  |TAMS 0x0000000710e00000| PB 0x0000000710e00000| Untracked |  0
| 107|0x0000000711000000, 0x0000000711000000, 0x0000000711200000|  0%| F|  |TAMS 0x0000000711000000| PB 0x0000000711000000| Untracked |  0
| 108|0x0000000711200000, 0x0000000711200000, 0x0000000711400000|  0%| F|  |TAMS 0x0000000711200000| PB 0x0000000711200000| Untracked |  0
| 109|0x0000000711400000, 0x0000000711400000, 0x0000000711600000|  0%| F|  |TAMS 0x0000000711400000| PB 0x0000000711400000| Untracked |  0
| 110|0x0000000711600000, 0x0000000711600000, 0x0000000711800000|  0%| F|  |TAMS 0x0000000711600000| PB 0x0000000711600000| Untracked |  0
| 111|0x0000000711800000, 0x0000000711800000, 0x0000000711a00000|  0%| F|  |TAMS 0x0000000711800000| PB 0x0000000711800000| Untracked |  0
| 112|0x0000000711a00000, 0x0000000711a00000, 0x0000000711c00000|  0%| F|  |TAMS 0x0000000711a00000| PB 0x0000000711a00000| Untracked |  0
| 113|0x0000000711c00000, 0x0000000711c00000, 0x0000000711e00000|  0%| F|  |TAMS 0x0000000711c00000| PB 0x0000000711c00000| Untracked |  0
| 114|0x0000000711e00000, 0x0000000711f0fc70, 0x0000000712000000| 53%| E|  |TAMS 0x0000000711e00000| PB 0x0000000711e00000| Complete |  0
| 115|0x0000000712000000, 0x0000000712200000, 0x0000000712200000|100%| E|CS|TAMS 0x0000000712000000| PB 0x0000000712000000| Complete |  0
| 116|0x0000000712200000, 0x0000000712400000, 0x0000000712400000|100%| E|CS|TAMS 0x0000000712200000| PB 0x0000000712200000| Complete |  0
| 117|0x0000000712400000, 0x0000000712600000, 0x0000000712600000|100%| E|CS|TAMS 0x0000000712400000| PB 0x0000000712400000| Complete |  0
| 118|0x0000000712600000, 0x0000000712800000, 0x0000000712800000|100%| E|CS|TAMS 0x0000000712600000| PB 0x0000000712600000| Complete |  0
| 119|0x0000000712800000, 0x0000000712a00000, 0x0000000712a00000|100%| E|CS|TAMS 0x0000000712800000| PB 0x0000000712800000| Complete |  0
| 120|0x0000000712a00000, 0x0000000712c00000, 0x0000000712c00000|100%| E|CS|TAMS 0x0000000712a00000| PB 0x0000000712a00000| Complete |  0
| 121|0x0000000712c00000, 0x0000000712e00000, 0x0000000712e00000|100%| E|CS|TAMS 0x0000000712c00000| PB 0x0000000712c00000| Complete |  0
| 122|0x0000000712e00000, 0x0000000713000000, 0x0000000713000000|100%| E|CS|TAMS 0x0000000712e00000| PB 0x0000000712e00000| Complete |  0
| 123|0x0000000713000000, 0x0000000713200000, 0x0000000713200000|100%| E|CS|TAMS 0x0000000713000000| PB 0x0000000713000000| Complete |  0
| 124|0x0000000713200000, 0x0000000713400000, 0x0000000713400000|100%| E|CS|TAMS 0x0000000713200000| PB 0x0000000713200000| Complete |  0
| 125|0x0000000713400000, 0x0000000713600000, 0x0000000713600000|100%| E|CS|TAMS 0x0000000713400000| PB 0x0000000713400000| Complete |  0
| 126|0x0000000713600000, 0x0000000713800000, 0x0000000713800000|100%| E|CS|TAMS 0x0000000713600000| PB 0x0000000713600000| Complete |  0
|2018|0x00000007ffe00000, 0x00000007fff1d3c0, 0x0000000800000000| 55%| O|  |TAMS 0x00000007ffe00000| PB 0x00000007ffe00000| Untracked |  0

Card table byte_map: [0x000001ef4d5a0000,0x000001ef4dd90000] _byte_map_base: 0x000001ef49d83000

Marking Bits: (CMBitMap*) 0x000001ef4029dac0
 Bits: [0x000001ef4dd90000, 0x000001ef51ca8000)

Polling page: 0x000001ef3e690000

Metaspace:

Usage:
  Non-class:      2.38 MB used.
      Class:    309.16 KB used.
       Both:      2.68 MB used.

Virtual space:
  Non-class space:       64.00 MB reserved,       2.50 MB (  4%) committed,  1 nodes.
      Class space:        1.00 GB reserved,     384.00 KB ( <1%) committed,  1 nodes.
             Both:        1.06 GB reserved,       2.88 MB ( <1%) committed. 

Chunk freelists:
   Non-Class:  11.93 MB
       Class:  15.59 MB
        Both:  27.51 MB

MaxMetaspaceSize: unlimited
CompressedClassSpaceSize: 1.00 GB
Initial GC threshold: 21.00 MB
Current GC threshold: 21.00 MB
CDS: on
 - commit_granule_bytes: 65536.
 - commit_granule_words: 8192.
 - virtual_space_node_default_size: 8388608.
 - enlarge_chunks_in_place: 1.
UseCompressedClassPointers 1, UseCompactObjectHeaders 0
Narrow klass pointer bits 32, Max shift 3
Narrow klass base: 0x000001ef55000000, Narrow klass shift: 0
Encoding Range: [0x000001ef55000000 - 0x000001f055000000), (4294967296 bytes)
Klass Range:    [0x000001ef55000000 - 0x000001ef96000000), (1090519040 bytes)
Klass ID Range:  [8 - 1090519033) (1090519025)


Internal statistics:

num_allocs_failed_limit: 0.
num_arena_births: 70.
num_arena_deaths: 0.
num_vsnodes_births: 2.
num_vsnodes_deaths: 0.
num_space_committed: 46.
num_space_uncommitted: 0.
num_chunks_returned_to_freelist: 0.
num_chunks_taken_from_freelist: 76.
num_chunk_merges: 0.
num_chunk_splits: 53.
num_chunks_enlarged: 33.
num_inconsistent_stats: 0.

CodeCache: size=49152Kb used=3882Kb max_used=3882Kb free=45270Kb
 bounds [0x000001ef49750000, 0x000001ef49b20000, 0x000001ef4c750000]
 total_blobs=1773, nmethods=1344, adapters=354, full_count=0
Compilation: enabled, stopped_count=0, restarted_count=0

Compilation events (20 events):
Event: 0.537 Thread 0x000001ef5496a620 nmethod 1334 0x000001ef49b17808 code [0x000001ef49b17900, 0x000001ef49b179c8]
Event: 0.537 Thread 0x000001ef403c8fe0 1336   !   1       jdk.jfr.internal.Control::setValue (102 bytes)
Event: 0.537 Thread 0x000001ef5496a620 1337       1       jdk.jfr.internal.SettingsManager$InternalSetting::getValues (35 bytes)
Event: 0.537 Thread 0x000001ef547d1070 nmethod 1335 0x000001ef49b17b08 code [0x000001ef49b17c00, 0x000001ef49b17cc8]
Event: 0.537 Thread 0x000001ef547d1070 1338       1       jdk.jfr.internal.Control::apply (10 bytes)
Event: 0.537 Thread 0x000001ef547d1070 nmethod 1338 0x000001ef49b17e08 code [0x000001ef49b17f20, 0x000001ef49b18040]
Event: 0.537 Thread 0x000001ef547d1070 1339       1       jdk.jfr.internal.Control::findCombine (121 bytes)
Event: 0.537 Thread 0x000001ef5496a620 nmethod 1337 0x000001ef49b18108 code [0x000001ef49b18240, 0x000001ef49b18460]
Event: 0.538 Thread 0x000001ef5496a620 1340       1       java.lang.StringLatin1::getChar (9 bytes)
Event: 0.538 Thread 0x000001ef5496a620 nmethod 1340 0x000001ef49b18488 code [0x000001ef49b185a0, 0x000001ef49b18678]
Event: 0.538 Thread 0x000001ef547d1070 nmethod 1339 0x000001ef49b18788 code [0x000001ef49b18940, 0x000001ef49b19108]
Event: 0.538 Thread 0x000001ef403c8fe0 nmethod 1336 0x000001ef49b19188 code [0x000001ef49b19380, 0x000001ef49b19a48]
Event: 0.540 Thread 0x000001ef403c8fe0 1341       1       jdk.jfr.internal.periodic.EventTask::getEventType (5 bytes)
Event: 0.541 Thread 0x000001ef403c8fe0 nmethod 1341 0x000001ef49b19b08 code [0x000001ef49b19c00, 0x000001ef49b19cc8]
Event: 0.541 Thread 0x000001ef5496a620 1342       1       jdk.jfr.internal.periodic.PeriodicTask::getPeriod (5 bytes)
Event: 0.541 Thread 0x000001ef547d1070 1343       1       java.util.Comparator$$Lambda/0x000001ef56075148::compare (10 bytes)
Event: 0.541 Thread 0x000001ef403c8fe0 1344       1       java.util.Comparator::lambda$comparingLong$6043328a$1 (18 bytes)
Event: 0.541 Thread 0x000001ef5496a620 nmethod 1342 0x000001ef49b19e08 code [0x000001ef49b19f00, 0x000001ef49b19fc8]
Event: 0.541 Thread 0x000001ef403c8fe0 nmethod 1344 0x000001ef49b1a108 code [0x000001ef49b1a240, 0x000001ef49b1a400]
Event: 0.541 Thread 0x000001ef547d1070 nmethod 1343 0x000001ef49b1a488 code [0x000001ef49b1a5c0, 0x000001ef49b1a7c0]

GC Heap History (0 events):
No events

Dll operation events (9 events):
Event: 0.031 Loaded shared library C:\Program Files\Java\jdk-24\bin\java.dll
Event: 0.135 Loaded shared library C:\Program Files\Java\jdk-24\bin\zip.dll
Event: 0.138 Loaded shared library C:\Program Files\Java\jdk-24\bin\instrument.dll
Event: 0.143 Loaded shared library C:\Program Files\Java\jdk-24\bin\net.dll
Event: 0.146 Loaded shared library C:\Program Files\Java\jdk-24\bin\nio.dll
Event: 0.150 Loaded shared library C:\Program Files\Java\jdk-24\bin\zip.dll
Event: 0.274 Loaded shared library C:\Program Files\JetBrains\IntelliJ IDEA 2023.2.5\bin\breakgen64.dll
Event: 0.286 Loaded shared library C:\Program Files\Java\jdk-24\bin\extnet.dll
Event: 0.332 Loaded shared library C:\Program Files\Java\jdk-24\bin\jimage.dll

Deoptimization events (0 events):
No events

Classes loaded (20 events):
Event: 0.516 Loading class jdk/jfr/internal/MetadataWriter
Event: 0.516 Loading class jdk/jfr/internal/MetadataWriter done
Event: 0.516 Loading class jdk/jfr/internal/MetadataDescriptor$Element
Event: 0.516 Loading class jdk/jfr/internal/MetadataDescriptor$Element done
Event: 0.517 Loading class jdk/jfr/internal/MetadataDescriptor$Attribute
Event: 0.517 Loading class jdk/jfr/internal/MetadataDescriptor$Attribute done
Event: 0.522 Loading class jdk/jfr/internal/consumer/StringParser$Encoding
Event: 0.522 Loading class jdk/jfr/internal/consumer/StringParser$Encoding done
Event: 0.531 Loading class jdk/jfr/internal/consumer/RepositoryFiles
Event: 0.532 Loading class jdk/jfr/internal/consumer/RepositoryFiles done
Event: 0.534 Loading class jdk/jfr/internal/SettingsManager$InternalSetting
Event: 0.534 Loading class jdk/jfr/internal/SettingsManager$InternalSetting done
Event: 0.536 Loading class jdk/jfr/internal/util/Rate
Event: 0.536 Loading class jdk/jfr/internal/util/Rate done
Event: 0.536 Loading class jdk/jfr/internal/util/TimespanUnit
Event: 0.536 Loading class jdk/jfr/internal/util/TimespanUnit done
Event: 0.536 Loading class jdk/jfr/internal/util/ValueParser
Event: 0.536 Loading class jdk/jfr/internal/util/ValueParser done
Event: 0.538 Loading class jdk/jfr/internal/periodic/PeriodicType
Event: 0.538 Loading class jdk/jfr/internal/periodic/PeriodicType done

Classes unloaded (0 events):
No events

Classes redefined (0 events):
No events

Internal exceptions (19 events):
Event: 0.257 Thread 0x000001ef40235150 Exception <a 'java/lang/NoSuchMethodError'{0x0000000712ed1128}: 'void java.lang.invoke.DirectMethodHandle$Holder.invokeStatic(java.lang.Object, java.lang.Object, java.lang.Object)'> (0x0000000712ed1128) 
thrown [s\open\src\hotspot\share\interpreter\linkResolver.cpp, line 805]
Event: 0.267 Thread 0x000001ef40235150 Exception <a 'java/lang/NoSuchMethodError'{0x0000000712f05ce8}: 'java.lang.Object java.lang.invoke.Invokers$Holder.invokeExact_MT(java.lang.Object, java.lang.Object, java.lang.Object, java.lang.Object, java.lang.Object)'> (0x0000000712f05ce8) 
thrown [s\open\src\hotspot\share\interpreter\linkResolver.cpp, line 805]
Event: 0.280 Thread 0x000001ef40235150 Exception <a 'java/lang/NoSuchMethodError'{0x0000000712f15020}: 'java.lang.Object java.lang.invoke.DirectMethodHandle$Holder.invokeStaticInit(java.lang.Object, java.lang.Object, java.lang.Object)'> (0x0000000712f15020) 
thrown [s\open\src\hotspot\share\interpreter\linkResolver.cpp, line 805]
Event: 0.284 Thread 0x000001ef9a1cc5b0 Exception <a 'java/lang/NoSuchMethodError'{0x0000000712c052f8}: 'java.lang.Object java.lang.invoke.DirectMethodHandle$Holder.invokeStaticInit(java.lang.Object)'> (0x0000000712c052f8) 
thrown [s\open\src\hotspot\share\interpreter\linkResolver.cpp, line 805]
Event: 0.288 Thread 0x000001ef9a1cc5b0 Exception <a 'java/lang/NoSuchMethodError'{0x0000000712c10040}: 'void java.lang.invoke.DirectMethodHandle$Holder.invokeStatic(java.lang.Object, java.lang.Object)'> (0x0000000712c10040) 
thrown [s\open\src\hotspot\share\interpreter\linkResolver.cpp, line 805]
Event: 0.340 Thread 0x000001ef40235150 Exception <a 'java/lang/NoSuchMethodError'{0x0000000712ad5770}: 'java.lang.Object java.lang.invoke.DirectMethodHandle$Holder.invokeStatic(java.lang.Object, int, java.lang.Object)'> (0x0000000712ad5770) 
thrown [s\open\src\hotspot\share\interpreter\linkResolver.cpp, line 805]
Event: 0.355 Thread 0x000001ef40235150 Exception <a 'java/lang/NoSuchMethodError'{0x0000000712b0ee20}: 'void java.lang.invoke.DirectMethodHandle$Holder.invokeStaticInit(java.lang.Object)'> (0x0000000712b0ee20) 
thrown [s\open\src\hotspot\share\interpreter\linkResolver.cpp, line 805]
Event: 0.376 Thread 0x000001ef40235150 Exception <a 'java/lang/NoSuchMethodError'{0x0000000712b80218}: 'void java.lang.invoke.DirectMethodHandle$Holder.invokeSpecial(java.lang.Object, java.lang.Object, java.lang.Object)'> (0x0000000712b80218) 
thrown [s\open\src\hotspot\share\interpreter\linkResolver.cpp, line 805]
Event: 0.390 Thread 0x000001ef40235150 Exception <a 'java/lang/NoSuchMethodError'{0x0000000712be79b8}: 'java.lang.Object java.lang.invoke.DirectMethodHandle$Holder.newInvokeSpecial(java.lang.Object, java.lang.Object, java.lang.Object, java.lang.Object, java.lang.Object)'> (0x0000000712be79b8) 
thrown [s\open\src\hotspot\share\interpreter\linkResolver.cpp, line 805]
Event: 0.426 Thread 0x000001ef40235150 Exception <a 'java/lang/NoSuchMethodError'{0x00000007129812c8}: 'long java.lang.invoke.DirectMethodHandle$Holder.invokeVirtual(java.lang.Object, java.lang.Object)'> (0x00000007129812c8) 
thrown [s\open\src\hotspot\share\interpreter\linkResolver.cpp, line 805]
Event: 0.467 Thread 0x000001ef40235150 Exception <a 'java/lang/NoSuchMethodError'{0x00000007127ea090}: 'int java.lang.invoke.DirectMethodHandle$Holder.invokeSpecial(java.lang.Object, java.lang.Object, java.lang.Object)'> (0x00000007127ea090) 
thrown [s\open\src\hotspot\share\interpreter\linkResolver.cpp, line 805]
Event: 0.501 Thread 0x000001ef40235150 Exception <a 'java/lang/NoSuchMethodError'{0x00000007125bbcb8}: 'void java.lang.invoke.DirectMethodHandle$Holder.invokeSpecial(java.lang.Object, java.lang.Object, int)'> (0x00000007125bbcb8) 
thrown [s\open\src\hotspot\share\interpreter\linkResolver.cpp, line 805]
Event: 0.501 Thread 0x000001ef40235150 Exception <a 'java/lang/NoSuchMethodError'{0x00000007125c38d8}: 'void java.lang.invoke.Invokers$Holder.invokeExact_MT(java.lang.Object, int, java.lang.Object)'> (0x00000007125c38d8) 
thrown [s\open\src\hotspot\share\interpreter\linkResolver.cpp, line 805]
Event: 0.502 Thread 0x000001ef40235150 Exception <a 'java/lang/NoSuchMethodError'{0x00000007125de208}: 'void java.lang.invoke.DirectMethodHandle$Holder.invokeStatic(java.lang.Object, java.lang.Object, int)'> (0x00000007125de208) 
thrown [s\open\src\hotspot\share\interpreter\linkResolver.cpp, line 805]
Event: 0.503 Thread 0x000001ef40235150 Exception <a 'java/lang/NoSuchMethodError'{0x00000007125ed318}: 'java.lang.Object java.lang.invoke.DirectMethodHandle$Holder.newInvokeSpecial(java.lang.Object, java.lang.Object, int)'> (0x00000007125ed318) 
thrown [s\open\src\hotspot\share\interpreter\linkResolver.cpp, line 805]
Event: 0.504 Thread 0x000001ef9b86e890 Exception <a 'java/lang/NoSuchMethodError'{0x0000000712201328}: 'long java.lang.invoke.DirectMethodHandle$Holder.invokeSpecial(java.lang.Object, java.lang.Object)'> (0x0000000712201328) 
thrown [s\open\src\hotspot\share\interpreter\linkResolver.cpp, line 805]
Event: 0.508 Thread 0x000001ef40235150 Exception <a 'sun/nio/fs/WindowsException'{0x0000000712319030}> (0x0000000712319030) 
thrown [s\open\src\hotspot\share\prims\jni.cpp, line 518]
Event: 0.510 Thread 0x000001ef40235150 Exception <a 'sun/nio/fs/WindowsException'{0x0000000712325f38}> (0x0000000712325f38) 
thrown [s\open\src\hotspot\share\prims\jni.cpp, line 518]
Event: 0.513 Thread 0x000001ef40235150 Exception <a 'sun/nio/fs/WindowsException'{0x0000000712337db0}> (0x0000000712337db0) 
thrown [s\open\src\hotspot\share\prims\jni.cpp, line 518]

VM Operations (8 events):
Event: 0.123 Executing VM operation: HandshakeAllThreads (Deoptimize)
Event: 0.124 Executing VM operation: HandshakeAllThreads (Deoptimize) done
Event: 0.505 Executing VM operation: HandshakeAllThreads (Deoptimize)
Event: 0.505 Executing VM operation: HandshakeAllThreads (Deoptimize) done
Event: 0.506 Executing VM operation: HandshakeAllThreads (Deoptimize)
Event: 0.506 Executing VM operation: HandshakeAllThreads (Deoptimize) done
Event: 0.532 Executing VM operation: JFRSafepointClear
Event: 0.532 Executing VM operation: JFRSafepointClear done

Memory protections (0 events):
No events

Nmethod flushes (0 events):
No events

Events (14 events):
Event: 0.046 Thread 0x000001ef40235150 Thread added: 0x000001ef40235150
Event: 0.058 Thread 0x000001ef40235150 Thread added: 0x000001ef403bf8c0
Event: 0.058 Thread 0x000001ef40235150 Thread added: 0x000001ef403c04c0
Event: 0.058 Thread 0x000001ef40235150 Thread added: 0x000001ef403c27b0
Event: 0.058 Thread 0x000001ef40235150 Thread added: 0x000001ef403c5790
Event: 0.058 Thread 0x000001ef40235150 Thread added: 0x000001ef403c63b0
Event: 0.058 Thread 0x000001ef40235150 Thread added: 0x000001ef546e1f60
Event: 0.058 Thread 0x000001ef40235150 Thread added: 0x000001ef403c8fe0
Event: 0.119 Thread 0x000001ef40235150 Thread added: 0x000001ef547c8db0
Event: 0.123 Thread 0x000001ef403c8fe0 Thread added: 0x000001ef547d1070
Event: 0.178 Thread 0x000001ef547d1070 Thread added: 0x000001ef5496a620
Event: 0.274 Thread 0x000001ef40235150 Thread added: 0x000001ef9a1cc5b0
Event: 0.351 Thread 0x000001ef40235150 Thread added: 0x000001ef9a2ecbf0
Event: 0.504 Thread 0x000001ef40235150 Thread added: 0x000001ef9b86e890


Dynamic libraries:
0x00007ff729270000 - 0x00007ff729280000 	C:\Program Files\Java\jdk-24\bin\java.exe
0x00007ffefec90000 - 0x00007ffefeea7000 	C:\WINDOWS\SYSTEM32\ntdll.dll
0x00007ffefe220000 - 0x00007ffefe2e4000 	C:\WINDOWS\System32\KERNEL32.DLL
0x00007ffefc590000 - 0x00007ffefc94a000 	C:\WINDOWS\System32\KERNELBASE.dll
0x00007ffefbf50000 - 0x00007ffefc061000 	C:\WINDOWS\System32\ucrtbase.dll
0x00007ffee5eb0000 - 0x00007ffee5ec6000 	C:\Program Files\Java\jdk-24\bin\jli.dll
0x00007ffedf9c0000 - 0x00007ffedf9db000 	C:\Program Files\Java\jdk-24\bin\VCRUNTIME140.dll
0x00007ffedc760000 - 0x00007ffedc9f2000 	C:\WINDOWS\WinSxS\amd64_microsoft.windows.common-controls_6595b64144ccf1df_6.0.22621.4541_none_2710d1c57384c085\COMCTL32.dll
0x00007ffefe560000 - 0x00007ffefe607000 	C:\WINDOWS\System32\msvcrt.dll
0x00007ffefca70000 - 0x00007ffefca99000 	C:\WINDOWS\System32\GDI32.dll
0x00007ffefc950000 - 0x00007ffefc976000 	C:\WINDOWS\System32\win32u.dll
0x00007ffefc070000 - 0x00007ffefc18b000 	C:\WINDOWS\System32\gdi32full.dll
0x00007ffefc250000 - 0x00007ffefc2ea000 	C:\WINDOWS\System32\msvcp_win.dll
0x00007ffefe6c0000 - 0x00007ffefe86e000 	C:\WINDOWS\System32\USER32.dll
0x00007ffefc980000 - 0x00007ffefc9b1000 	C:\WINDOWS\System32\IMM32.DLL
0x00007ffef07d0000 - 0x00007ffef07dc000 	C:\Program Files\Java\jdk-24\bin\vcruntime140_1.dll
0x00007ffec1a20000 - 0x00007ffec1aae000 	C:\Program Files\Java\jdk-24\bin\msvcp140.dll
0x00007ffe6d690000 - 0x00007ffe6e432000 	C:\Program Files\Java\jdk-24\bin\server\jvm.dll
0x00007ffefcca0000 - 0x00007ffefcd52000 	C:\WINDOWS\System32\ADVAPI32.dll
0x00007ffefd0c0000 - 0x00007ffefd167000 	C:\WINDOWS\System32\sechost.dll
0x00007ffefc2f0000 - 0x00007ffefc318000 	C:\WINDOWS\System32\bcrypt.dll
0x00007ffefe440000 - 0x00007ffefe554000 	C:\WINDOWS\System32\RPCRT4.dll
0x00007ffefcc20000 - 0x00007ffefcc91000 	C:\WINDOWS\System32\WS2_32.dll
0x00007ffef1f50000 - 0x00007ffef1f84000 	C:\WINDOWS\SYSTEM32\WINMM.dll
0x00007ffef1120000 - 0x00007ffef112a000 	C:\WINDOWS\SYSTEM32\VERSION.dll
0x00007ffefb820000 - 0x00007ffefb86d000 	C:\WINDOWS\SYSTEM32\POWRPROF.dll
0x00007ffefb800000 - 0x00007ffefb813000 	C:\WINDOWS\SYSTEM32\UMPDC.dll
0x00007ffefaf90000 - 0x00007ffefafa8000 	C:\WINDOWS\SYSTEM32\kernel.appcore.dll
0x00007ffef0710000 - 0x00007ffef071a000 	C:\Program Files\Java\jdk-24\bin\jimage.dll
0x00007ffef9970000 - 0x00007ffef9ba2000 	C:\WINDOWS\SYSTEM32\DBGHELP.DLL
0x00007ffefd600000 - 0x00007ffefd991000 	C:\WINDOWS\System32\combase.dll
0x00007ffefe360000 - 0x00007ffefe437000 	C:\WINDOWS\System32\OLEAUT32.dll
0x00007ffef0d20000 - 0x00007ffef0d52000 	C:\WINDOWS\SYSTEM32\dbgcore.DLL
0x00007ffefc510000 - 0x00007ffefc58b000 	C:\WINDOWS\System32\bcryptPrimitives.dll
0x00007ffee7840000 - 0x00007ffee784f000 	C:\Program Files\Java\jdk-24\bin\instrument.dll
0x00007ffedf7e0000 - 0x00007ffedf7fe000 	C:\Program Files\Java\jdk-24\bin\java.dll
0x00007ffefcd80000 - 0x00007ffefcf25000 	C:\WINDOWS\System32\ole32.dll
0x00007ffefd9a0000 - 0x00007ffefe219000 	C:\WINDOWS\System32\SHELL32.dll
0x00007ffe9e570000 - 0x00007ffe9e7dd000 	C:\Users\97252\AppData\Local\Temp\libasyncProfiler.dll
0x00007ffef9e90000 - 0x00007ffefa799000 	C:\WINDOWS\SYSTEM32\windows.storage.dll
0x00007ffef9d50000 - 0x00007ffef9e8f000 	C:\WINDOWS\SYSTEM32\wintypes.dll
0x00007ffefe920000 - 0x00007ffefea1a000 	C:\WINDOWS\System32\SHCORE.dll
0x00007ffefe870000 - 0x00007ffefe8ce000 	C:\WINDOWS\System32\shlwapi.dll
0x00007ffefbe80000 - 0x00007ffefbeab000 	C:\WINDOWS\SYSTEM32\profapi.dll
0x00007ffedf610000 - 0x00007ffedf627000 	C:\Program Files\Java\jdk-24\bin\zip.dll
0x00007ffeef140000 - 0x00007ffeef150000 	C:\Program Files\Java\jdk-24\bin\net.dll
0x00007ffefb410000 - 0x00007ffefb479000 	C:\WINDOWS\system32\mswsock.dll
0x00007ffedf630000 - 0x00007ffedf646000 	C:\Program Files\Java\jdk-24\bin\nio.dll
0x00007ffedb720000 - 0x00007ffedb73a000 	C:\Program Files\JetBrains\IntelliJ IDEA 2023.2.5\bin\breakgen64.dll
0x00007ffeeed40000 - 0x00007ffeeed49000 	C:\Program Files\Java\jdk-24\bin\extnet.dll

dbghelp: loaded successfully - version: 4.0.5 - missing functions: none
symbol engine: initialized successfully - sym options: 0x614 - pdb path: .;C:\Program Files\Java\jdk-24\bin;C:\WINDOWS\SYSTEM32;C:\WINDOWS\WinSxS\amd64_microsoft.windows.common-controls_6595b64144ccf1df_6.0.22621.4541_none_2710d1c57384c085;C:\Program Files\Java\jdk-24\bin\server;C:\Users\97252\AppData\Local\Temp;C:\Program Files\JetBrains\IntelliJ IDEA 2023.2.5\bin

VM Arguments:
jvm_args: --enable-native-access=ALL-UNNAMED -XX:TieredStopAtLevel=1 -Dspring.output.ansi.enabled=always -Dcom.sun.management.jmxremote -Dspring.jmx.enabled=true -Dspring.liveBeansView.mbeanDomain -Dspring.application.admin.enabled=true -Dmanagement.endpoints.jmx.exposure.include=* -javaagent:C:\Program Files\JetBrains\IntelliJ IDEA 2023.2.5\lib\idea_rt.jar=60358:C:\Program Files\JetBrains\IntelliJ IDEA 2023.2.5\bin -agentpath:C:\Users\97252\AppData\Local\Temp\libasyncProfiler.dll=start,jfr,event=wall,interval=10ms,jfrsync=profile,cstack=no,file=C:\Users\97252\IdeaSnapshots\MyStoreApplication_2025_04_07_184346.jfr,log=C:\Users\97252\AppData\Local\Temp\MyStoreApplication_2025_04_07_184346.jfr.log.txt,logLevel=DEBUG -Dfile.encoding=UTF-8 -Dsun.stdout.encoding=UTF-8 -Dsun.stderr.encoding=UTF-8 
java_command: com.example.mystore.MyStoreApplication
java_class_path (initial): C:\myStore\target\classes;C:\Users\97252\.m2\repository\org\springframework\boot\spring-boot-starter\3.4.4\spring-boot-starter-3.4.4.jar;C:\Users\97252\.m2\repository\org\springframework\boot\spring-boot\3.4.4\spring-boot-3.4.4.jar;C:\Users\97252\.m2\repository\org\springframework\spring-context\6.2.5\spring-context-6.2.5.jar;C:\Users\97252\.m2\repository\org\springframework\boot\spring-boot-autoconfigure\3.4.4\spring-boot-autoconfigure-3.4.4.jar;C:\Users\97252\.m2\repository\org\springframework\boot\spring-boot-starter-logging\3.4.4\spring-boot-starter-logging-3.4.4.jar;C:\Users\97252\.m2\repository\ch\qos\logback\logback-classic\1.5.18\logback-classic-1.5.18.jar;C:\Users\97252\.m2\repository\ch\qos\logback\logback-core\1.5.18\logback-core-1.5.18.jar;C:\Users\97252\.m2\repository\org\apache\logging\log4j\log4j-to-slf4j\2.24.3\log4j-to-slf4j-2.24.3.jar;C:\Users\97252\.m2\repository\org\apache\logging\log4j\log4j-api\2.24.3\log4j-api-2.24.3.jar;C:\Users\97252\.m2\repository\org\slf4j\jul-to-slf4j\2.0.17\jul-to-slf4j-2.0.17.jar;C:\Users\97252\.m2\repository\jakarta\annotation\jakarta.annotation-api\2.1.1\jakarta.annotation-api-2.1.1.jar;C:\Users\97252\.m2\repository\org\springframework\spring-core\6.2.5\spring-core-6.2.5.jar;C:\Users\97252\.m2\repository\org\springframework\spring-jcl\6.2.5\spring-jcl-6.2.5.jar;C:\Users\97252\.m2\repository\org\yaml\snakeyaml\2.3\snakeyaml-2.3.jar;C:\Users\97252\.m2\repository\org\slf4j\slf4j-api\2.0.17\slf4j-api-2.0.17.jar;C:\Users\97252\.m2\repository\net\bytebuddy\byte-buddy\1.15.11\byte-buddy-1.15.11.jar;C:\Users\97252\.m2\repository\org\springframework\boot\spring-boot-starter-web\3.4.4\spring-boot-starter-web-3.4.4.jar;C:\Users\97252\.m2\repository\org\springframework\boot\spring-boot-starter-json\3.4.4\spring-boot-starter-json-3.4.4.jar;C:\Users\97252\.m2\repository\com\fasterxml\jackson\core\jackson-databind\2.18.3\jackson-databind-2.18.3.jar;C:\Users\97252\.m2\repository\com\fasterxml\jackson\core\jackson-annotations\2.18.3\jackson-annotations-2.18.3.jar;C:\Users\97252\.m2\repository\com\fasterxml\jackson\core\jackson-core\2.18.3\jackson-core-2.18.3.jar;C:\Users\97252\.m2\repository\com\fasterxml\jackson\datatype\jackson-datatype-jdk8\2.18.3\jackson-datatype-jdk8-2.18.3.jar;C:\Users\97252\.m2\repository\com\fasterxml\jackson\datatype\jackson-datatype-jsr310\2.18.3\jackson-datatype-jsr310-2.18.3.jar;C:\Users\97252\.m2\repository\com\fasterxml\jackson\module\jackson-module-parameter-names\2.18.3\jackson-module-parameter-names-2.18.3.jar;C:\Users\97252\.m2\repository\org\springframework\boot\spring-boot-starter-tomcat\3.4.4\spring-boot-starter-tomcat-3.4.4.jar;C:\Users\97252\.m2\repository\org\apache\tomcat\embed\tomcat-embed-core\10.1.39\tomcat-embed-core-10.1.39.jar;C:\Users\97252\.m2\repository\org\apache\tomcat\embed\tomcat-embed-el\10.1.39\tomcat-embed-el-10.1.39.jar;C:\Users\97252\.m2\repository\org\apache\tomcat\embed\tomcat-embed-websocket\10.1.39\tomcat-embed-websocket-10.1.39.jar;C:\Users\97252\.m2\repository\org\springframework\spring-web\6.2.5\spring-web-6.2.5.jar;C:\Users\97252\.m2\repository\org\springframework\spring-beans\6.2.5\spring-beans-6.2.5.jar;C:\Users\97252\.m2\repository\io\micrometer\micrometer-observation\1.14.5\micrometer-observation-1.14.5.jar;C:\Users\97252\.m2\repository\io\micrometer\micrometer-commons\1.14.5\micrometer-commons-1.14.5.jar;C:\Users\97252\.m2\repository\org\springframework\spring-webmvc\6.2.5\spring-webmvc-6.2.5.jar;C:\Users\97252\.m2\repository\org\springframework\spring-aop\6.2.5\spring-aop-6.2.5.jar;C:\Users\97252\.m2\repository\org\springframework\spring-expression\6.2.5\spring-expression-6.2.5.jar;C:\Users\97252\.m2\repository\org\springframework\boot\spring-boot-starter-data-jpa\3.4.4\spring-boot-starter-data-jpa-3.4.4.jar;C:\Users\97252\.m2\repository\org\springframework\boot\spring-boot-starter-jdbc\3.4.4\spring-boot-starter-jdbc-3.4.4.jar;C:\Users\97252\.m2\repository\com\zaxxer\HikariCP\5.1.0\HikariCP-5.1.0.jar;C:\Users\97252\.m2\repository\org\springframework\spring-jdbc\6.2.5\spring-jdbc-6.2.5.jar;C:\Users\97252\.m2\repository\org\hibernate\orm\hibernate-core\6.6.11.Final\hibernate-core-6.6.11.Final.jar;C:\Users\97252\.m2\repository\jakarta\persistence\jakarta.persistence-api\3.1.0\jakarta.persistence-api-3.1.0.jar;C:\Users\97252\.m2\repository\jakarta\transaction\jakarta.transaction-api\2.0.1\jakarta.transaction-api-2.0.1.jar;C:\Users\97252\.m2\repository\org\jboss\logging\jboss-logging\3.6.1.Final\jboss-logging-3.6.1.Final.jar;C:\Users\97252\.m2\repository\org\hibernate\common\hibernate-commons-annotations\7.0.3.Final\hibernate-commons-annotations-7.0.3.Final.jar;C:\Users\97252\.m2\repository\io\smallrye\jandex\3.2.0\jandex-3.2.0.jar;C:\Users\97252\.m2\repository\com\fasterxml\classmate\1.7.0\classmate-1.7.0.jar;C:\Users\97252\.m2\repository\jakarta\inject\jakarta.inject-api\2.0.1\jakarta.inject-api-2.0.1.jar;C:\Users\97252\.m2\repository\org\antlr\antlr4-runtime\4.13.0\antlr4-runtime-4.13.0.jar;C:\Users\97252\.m2\repository\org\springframework\data\spring-data-jpa\3.4.4\spring-data-jpa-3.4.4.jar;C:\Users\97252\.m2\repository\org\springframework\data\spring-data-commons\3.4.4\spring-data-commons-3.4.4.jar;C:\Users\97252\.m2\repository\org\springframework\spring-orm\6.2.5\spring-orm-6.2.5.jar;C:\Users\97252\.m2\repository\org\springframework\spring-tx\6.2.5\spring-tx-6.2.5.jar;C:\Users\97252\.m2\repository\org\springframework\spring-aspects\6.2.5\spring-aspects-6.2.5.jar;C:\Users\97252\.m2\repository\org\aspectj\aspectjweaver\1.9.23\aspectjweaver-1.9.23.jar;C:\Users\97252\.m2\repository\org\postgresql\postgresql\42.7.2\postgresql-42.7.2.jar;C:\Users\97252\.m2\repository\org\checkerframework\checker-qual\3.42.0\checker-qual-3.42.0.jar;C:\Users\97252\.m2\repository\org\apache\commons\commons-lang3\3.12.0\commons-lang3-3.12.0.jar;C:\Users\97252\.m2\repository\jakarta\xml\bind\jakarta.xml.bind-api\4.0.0\jakarta.xml.bind-api-4.0.0.jar;C:\Users\97252\.m2\repository\jakarta\activation\jakarta.activation-api\2.1.3\jakarta.activation-api-2.1.3.jar;C:\Users\97252\.m2\repository\org\glassfish\jaxb\jaxb-runtime\4.0.5\jaxb-runtime-4.0.5.jar;C:\Users\97252\.m2\repository\org\glassfish\jaxb\jaxb-core\4.0.5\jaxb-core-4.0.5.jar;C:\Users\97252\.m2\repository\org\eclipse\angus\angus-activation\2.0.2\angus-activation-2.0.2.jar;C:\Users\97252\.m2\repository\org\glassfish\jaxb\txw2\4.0.5\txw2-4.0.5.jar;C:\Users\97252\.m2\repository\com\sun\istack\istack-commons-runtime\4.1.2\istack-commons-runtime-4.1.2.jar
Launcher Type: SUN_STANDARD

[Global flags]
     intx CICompilerCount                          = 4                                         {product} {ergonomic}
     uint ConcGCThreads                            = 2                                         {product} {ergonomic}
     bool FlightRecorder                           = true                                      {product} {management}
     uint G1ConcRefinementThreads                  = 8                                         {product} {ergonomic}
   size_t G1HeapRegionSize                         = 2097152                                   {product} {ergonomic}
   size_t InitialHeapSize                          = 266338304                                 {product} {ergonomic}
     bool ManagementServer                         = true                                      {product} {command line}
   size_t MarkStackSize                            = 4194304                                   {product} {ergonomic}
   size_t MarkStackSizeMax                         = 536870912                                 {product} {ergonomic}
   size_t MaxHeapSize                              = 4234149888                                {product} {ergonomic}
   size_t MaxNewSize                               = 2539651072                                {product} {ergonomic}
   size_t MinHeapDeltaBytes                        = 2097152                                   {product} {ergonomic}
   size_t MinHeapSize                              = 8388608                                   {product} {ergonomic}
    uintx NonNMethodCodeHeapSize                   = 4096                                   {pd product} {ergonomic}
    uintx NonProfiledCodeHeapSize                  = 0                                      {pd product} {ergonomic}
     bool PerfDisableSharedMem                     = true                                      {product} {ergonomic}
     bool ProfileInterpreter                       = false                                  {pd product} {command line}
    uintx ProfiledCodeHeapSize                     = 0                                      {pd product} {ergonomic}
   size_t SoftMaxHeapSize                          = 4234149888                             {manageable} {ergonomic}
     intx TieredStopAtLevel                        = 1                                         {product} {command line}
     bool UseCompressedOops                        = true                           {product lp64_product} {ergonomic}
     bool UseG1GC                                  = true                                      {product} {ergonomic}
     bool UseLargePagesIndividualAllocation        = false                                  {pd product} {ergonomic}

Logging:
Log output configuration:
 #0: stdout all=warning uptime,level,tags foldmultilines=false
 #1: stderr all=off uptime,level,tags foldmultilines=false

Environment Variables:
JAVA_HOME=C:\Program Files\Eclipse Adoptium\jdk-21.0.5.11-hotspot
PATH=C:\Program Files\Common Files\Oracle\Java\javapath;C:\Program Files\Eclipse Adoptium\jdk-21.0.5.11-hotspot\bin;C:\Program Files (x86)\Common Files\Oracle\Java\javapath;C:\Program Files (x86)\VMware\VMware Player\bin\;C:\windows\system32;C:\windows;C:\windows\System32\Wbem;C:\windows\System32\WindowsPowerShell\v1.0\;C:\windows\System32\OpenSSH\;C:\Program Files (x86)\NVIDIA Corporation\PhysX\Common;C:\Program Files\NVIDIA Corporation\NVIDIA NvDLISR;C:\Users\97252\Downloads\jdk-17_windows-x64_bin (1).zip\jdk-17\bin;C:\WINDOWS\system32;C:\WINDOWS;C:\WINDOWS\System32\Wbem;C:\WINDOWS\System32\WindowsPowerShell\v1.0\;C:\WINDOWS\System32\OpenSSH\;C:\Program Files\Git\cmd;C:\Program Files\nodejs\;C:\apache-maven-3.9.9\bin;C:\Users\97252\AppData\Local\Programs\Python\Python313\;C:\Users\97252\AppData\Local\Programs\Python\Python313\Scripts\;C:\Users\97252\AppData\Local\Programs\Python\Python313\Scripts\;C:\Users\97252\AppData\Local\Programs\Python\Python313\;C:\Users\97252\AppData\Local\Programs\Python\Launcher\;C:\Users\97252\AppData\Local\Microsoft\WindowsApps;C:\Users\97252\AppData\Roaming\npm;
USERNAME=97252
OS=Windows_NT
PROCESSOR_IDENTIFIER=Intel64 Family 6 Model 140 Stepping 1, GenuineIntel
TMP=C:\Users\97252\AppData\Local\Temp
TEMP=C:\Users\97252\AppData\Local\Temp




Periodic native trim disabled

---------------  S Y S T E M  ---------------

OS:
 Windows 11 , 64 bit Build 22621 (10.0.22621.4391)
OS uptime: 33 days 5:41 hours

CPU: total 8 (initial active 8) (4 cores per cpu, 2 threads per core) family 6 model 140 stepping 1 microcode 0xac, cx8, cmov, fxsr, ht, mmx, 3dnowpref, sse, sse2, sse3, ssse3, sse4.1, sse4.2, popcnt, lzcnt, tsc, tscinvbit, avx, avx2, aes, erms, clmul, bmi1, bmi2, adx, avx512f, avx512dq, avx512cd, avx512bw, avx512vl, sha, fma, vzeroupper, avx512_vpopcntdq, avx512_vpclmulqdq, avx512_vaes, avx512_vnni, clflush, clflushopt, clwb, avx512_vbmi2, avx512_vbmi, rdtscp, rdpid, fsrm, gfni, avx512_bitalg, f16c, pku, cet_ibt, cet_ss, avx512_ifma
Processor Information for the first 8 processors :
  Max Mhz: 2419, Current Mhz: 2419, Mhz Limit: 2419

Memory: 4k page, system-wide physical 16149M (2396M free)
TotalPageFile size 37505M (AvailPageFile size 14879M)
current process WorkingSet (physical memory assigned to process): 75M, peak: 75M
current process commit charge ("private bytes"): 379M, peak: 379M

vm_info: Java HotSpot(TM) 64-Bit Server VM (24+36-3646) for windows-amd64 JRE (24+36-3646), built on 2025-02-06T00:20:43Z with MS VC++ 17.6 (VS2022)

END.
